<?xml version="1.0" encoding="UTF-8"?>
<!-- Generated by org.testng.reporters.JUnitReportReporter -->
<testsuite hostname="DESKTOP-UE8LSC2" failures="0" tests="1" name="GTM_Project.Airline_project.Testcase10" time="37.968" errors="0" timestamp="2024-05-17T16:52:38 IST" skipped="0">
  <testcase classname="GTM_Project.Airline_project.Testcase10" name="search_result_details" time="37.968"/>
  <system-out/>
</testsuite> <!-- GTM_Project.Airline_project.Testcase10 -->
