<?xml version="1.0" encoding="UTF-8"?>
<!-- Generated by org.testng.reporters.JUnitReportReporter -->
<testsuite hostname="DESKTOP-UE8LSC2" failures="0" tests="1" name="GTM_Project.Airline_project.Testcase9" time="43.832" errors="0" timestamp="2024-05-23T12:54:52 IST" skipped="0">
  <testcase classname="GTM_Project.Airline_project.Testcase9" name="multiple_passengers" time="43.832"/>
  <system-out/>
</testsuite> <!-- GTM_Project.Airline_project.Testcase9 -->
