<?xml version="1.0" encoding="UTF-8"?>
<!-- Generated by org.testng.reporters.JUnitReportReporter -->
<testsuite hostname="DESKTOP-UE8LSC2" failures="0" tests="1" name="GTM_Project.Airline_project.Testcase5" time="32.127" errors="0" timestamp="2024-05-17T12:53:37 IST" skipped="0">
  <testcase classname="GTM_Project.Airline_project.Testcase5" name="roundtrip_flight" time="32.127"/>
  <system-out/>
</testsuite> <!-- GTM_Project.Airline_project.Testcase5 -->
