<?xml version="1.0" encoding="UTF-8"?>
<!-- Generated by org.testng.reporters.JUnitReportReporter -->
<testsuite hostname="DESKTOP-UE8LSC2" failures="0" tests="1" name="GTM_Project.Airline_project.Testcase11" time="52.540" errors="0" timestamp="2024-05-17T21:08:40 IST" skipped="0">
  <testcase classname="GTM_Project.Airline_project.Testcase11" name="search_result_details" time="52.540"/>
  <system-out/>
</testsuite> <!-- GTM_Project.Airline_project.Testcase11 -->
