<?xml version="1.0" encoding="UTF-8"?>
<!-- Generated by org.testng.reporters.JUnitReportReporter -->
<testsuite hostname="DESKTOP-UE8LSC2" failures="0" tests="1" name="GTM_Project.Airline_project.Testcase1" time="20.402" errors="0" timestamp="2024-05-17T12:02:48 IST" skipped="0">
  <testcase classname="GTM_Project.Airline_project.Testcase1" name="registration" time="20.402"/>
  <system-out/>
</testsuite> <!-- GTM_Project.Airline_project.Testcase1 -->
