<?xml version="1.0" encoding="UTF-8"?>
<!-- Generated by org.testng.reporters.JUnitReportReporter -->
<testsuite hostname="DESKTOP-UE8LSC2" failures="0" tests="1" name="GTM_Project.Airline_project.Testcase6" time="52.769" errors="0" timestamp="2024-05-17T12:55:43 IST" skipped="0">
  <testcase classname="GTM_Project.Airline_project.Testcase6" name="flight_classes" time="52.769"/>
  <system-out/>
</testsuite> <!-- GTM_Project.Airline_project.Testcase6 -->
