<?xml version="1.0" encoding="UTF-8"?>
<!-- Generated by org.testng.reporters.JUnitReportReporter -->
<testsuite hostname="DESKTOP-UE8LSC2" failures="0" tests="1" name="GTM_Project.Airline_project.Testcase15" time="45.262" errors="0" timestamp="2024-05-23T20:47:46 IST" skipped="0">
  <testcase classname="GTM_Project.Airline_project.Testcase15" name="credit_card_payment" time="45.262"/>
  <system-out/>
</testsuite> <!-- GTM_Project.Airline_project.Testcase15 -->
