<?xml version="1.0" encoding="UTF-8"?>
<!-- Generated by org.testng.reporters.JUnitReportReporter -->
<testsuite hostname="DESKTOP-UE8LSC2" failures="0" tests="1" name="GTM_Project.Airline_project.Testcase12" time="34.369" errors="0" timestamp="2024-05-17T22:30:07 IST" skipped="0">
  <testcase classname="GTM_Project.Airline_project.Testcase12" name="logut" time="34.369"/>
  <system-out/>
</testsuite> <!-- GTM_Project.Airline_project.Testcase12 -->
