<?xml version="1.0" encoding="UTF-8"?>
<!-- Generated by org.testng.reporters.JUnitReportReporter -->
<testsuite hostname="DESKTOP-UE8LSC2" failures="0" tests="1" name="GTM_Project.Airline_project.Testcase3" time="15.068" errors="0" timestamp="2024-05-23T21:00:26 IST" skipped="0">
  <testcase classname="GTM_Project.Airline_project.Testcase3" name="login_fail" time="15.068"/>
  <system-out/>
</testsuite> <!-- GTM_Project.Airline_project.Testcase3 -->
