<?xml version="1.0" encoding="UTF-8"?>
<!-- Generated by org.testng.reporters.JUnitReportReporter -->
<testsuite hostname="DESKTOP-UE8LSC2" failures="0" tests="1" name="GTM_Project.Airline_project.Testcase7" time="35.431" errors="0" timestamp="2024-05-20T18:27:12 IST" skipped="0">
  <testcase classname="GTM_Project.Airline_project.Testcase7" name="multicity_flight" time="35.431"/>
  <system-out/>
</testsuite> <!-- GTM_Project.Airline_project.Testcase7 -->
